ARM GAS  C:\Users\Jason\AppData\Local\Temp\ccvepOlh.s 			page 1


   1              		.syntax unified
   2              		.cpu cortex-m0
   3              		.fpu softvfp
   4              		.eabi_attribute 20, 1
   5              		.eabi_attribute 21, 1
   6              		.eabi_attribute 23, 3
   7              		.eabi_attribute 24, 1
   8              		.eabi_attribute 25, 1
   9              		.eabi_attribute 26, 1
  10              		.eabi_attribute 30, 6
  11              		.eabi_attribute 34, 0
  12              		.eabi_attribute 18, 4
  13              		.thumb
  14              		.syntax unified
  15              		.file	"BLE_custom.c"
  16              		.text
  17              	.Ltext0:
  18              		.cfi_sections	.debug_frame
  19              		.global	cyBle_customs
  20              		.section	.rodata
  21              		.align	2
  22              		.type	cyBle_customs, %object
  23              		.size	cyBle_customs, 8
  24              	cyBle_customs:
  25 0000 0C00     		.short	12
  26 0002 0E00     		.short	14
  27 0004 0F00     		.short	15
  28 0006 1000     		.short	16
  29              		.section	.text.CyBle_CustomInit,"ax",%progbits
  30              		.align	2
  31              		.global	CyBle_CustomInit
  32              		.code	16
  33              		.thumb_func
  34              		.type	CyBle_CustomInit, %function
  35              	CyBle_CustomInit:
  36              	.LFB2:
  37              		.file 1 "Generated_Source\\PSoC4\\BLE_custom.c"
   1:Generated_Source\PSoC4/BLE_custom.c **** /***************************************************************************//**
   2:Generated_Source\PSoC4/BLE_custom.c **** * \file CYBLE_custom.c
   3:Generated_Source\PSoC4/BLE_custom.c **** * \version 3.66
   4:Generated_Source\PSoC4/BLE_custom.c **** * 
   5:Generated_Source\PSoC4/BLE_custom.c **** * \brief
   6:Generated_Source\PSoC4/BLE_custom.c **** *  Contains the source code for the Custom Service.
   7:Generated_Source\PSoC4/BLE_custom.c **** * 
   8:Generated_Source\PSoC4/BLE_custom.c **** ********************************************************************************
   9:Generated_Source\PSoC4/BLE_custom.c **** * \copyright
  10:Generated_Source\PSoC4/BLE_custom.c **** * Copyright 2014-2020, Cypress Semiconductor Corporation.  All rights reserved.
  11:Generated_Source\PSoC4/BLE_custom.c **** * You may use this file only in accordance with the license, terms, conditions,
  12:Generated_Source\PSoC4/BLE_custom.c **** * disclaimers, and limitations in the end user license agreement accompanying
  13:Generated_Source\PSoC4/BLE_custom.c **** * the software package with which this file was provided.
  14:Generated_Source\PSoC4/BLE_custom.c **** *******************************************************************************/
  15:Generated_Source\PSoC4/BLE_custom.c **** 
  16:Generated_Source\PSoC4/BLE_custom.c **** 
  17:Generated_Source\PSoC4/BLE_custom.c **** #include "BLE_eventHandler.h"
  18:Generated_Source\PSoC4/BLE_custom.c **** 
  19:Generated_Source\PSoC4/BLE_custom.c **** #ifdef CYBLE_CUSTOM_SERVER
  20:Generated_Source\PSoC4/BLE_custom.c **** 
ARM GAS  C:\Users\Jason\AppData\Local\Temp\ccvepOlh.s 			page 2


  21:Generated_Source\PSoC4/BLE_custom.c **** /* If any custom service with custom characteristics is defined in the
  22:Generated_Source\PSoC4/BLE_custom.c **** * customizer's GUI their handles will be present in this array.
  23:Generated_Source\PSoC4/BLE_custom.c **** */
  24:Generated_Source\PSoC4/BLE_custom.c **** /* This array contains attribute handles for the defined Custom Services and their characteristics 
  25:Generated_Source\PSoC4/BLE_custom.c ****    The array index definitions are located in the CYBLE_custom.h file. */
  26:Generated_Source\PSoC4/BLE_custom.c **** const CYBLE_CUSTOMS_T cyBle_customs[0x01u] = {
  27:Generated_Source\PSoC4/BLE_custom.c **** 
  28:Generated_Source\PSoC4/BLE_custom.c ****     /* CapSense service */
  29:Generated_Source\PSoC4/BLE_custom.c ****     {
  30:Generated_Source\PSoC4/BLE_custom.c ****         0x000Cu, /* Handle of the CapSense service */ 
  31:Generated_Source\PSoC4/BLE_custom.c ****         {
  32:Generated_Source\PSoC4/BLE_custom.c **** 
  33:Generated_Source\PSoC4/BLE_custom.c ****             /* CapSense Proximity characteristic */
  34:Generated_Source\PSoC4/BLE_custom.c ****             {
  35:Generated_Source\PSoC4/BLE_custom.c ****                 0x000Eu, /* Handle of the CapSense Proximity characteristic */ 
  36:Generated_Source\PSoC4/BLE_custom.c ****                 
  37:Generated_Source\PSoC4/BLE_custom.c ****                 /* Array of Descriptors handles */
  38:Generated_Source\PSoC4/BLE_custom.c ****                 {
  39:Generated_Source\PSoC4/BLE_custom.c ****                     0x000Fu, /* Handle of the Client Characteristic Configuration descriptor */ 
  40:Generated_Source\PSoC4/BLE_custom.c ****                     0x0010u, /* Handle of the Characteristic User Description descriptor */ 
  41:Generated_Source\PSoC4/BLE_custom.c ****                 }, 
  42:Generated_Source\PSoC4/BLE_custom.c ****             },
  43:Generated_Source\PSoC4/BLE_custom.c ****         }, 
  44:Generated_Source\PSoC4/BLE_custom.c ****     },
  45:Generated_Source\PSoC4/BLE_custom.c **** };
  46:Generated_Source\PSoC4/BLE_custom.c **** 
  47:Generated_Source\PSoC4/BLE_custom.c **** 
  48:Generated_Source\PSoC4/BLE_custom.c **** #endif /* (CYBLE_CUSTOM_SERVER) */
  49:Generated_Source\PSoC4/BLE_custom.c **** 
  50:Generated_Source\PSoC4/BLE_custom.c **** #ifdef CYBLE_CUSTOM_CLIENT
  51:Generated_Source\PSoC4/BLE_custom.c ****     
  52:Generated_Source\PSoC4/BLE_custom.c **** 
  53:Generated_Source\PSoC4/BLE_custom.c **** static uint16 cyBle_customDisServIndex;
  54:Generated_Source\PSoC4/BLE_custom.c **** static uint16 cyBle_customDisCharIndex;
  55:Generated_Source\PSoC4/BLE_custom.c **** 
  56:Generated_Source\PSoC4/BLE_custom.c **** #endif /* (CYBLE_CUSTOM_CLIENT) */
  57:Generated_Source\PSoC4/BLE_custom.c **** 
  58:Generated_Source\PSoC4/BLE_custom.c **** 
  59:Generated_Source\PSoC4/BLE_custom.c **** /****************************************************************************** 
  60:Generated_Source\PSoC4/BLE_custom.c **** * Function Name: CyBle_CustomInit
  61:Generated_Source\PSoC4/BLE_custom.c **** ***************************************************************************//**
  62:Generated_Source\PSoC4/BLE_custom.c **** * 
  63:Generated_Source\PSoC4/BLE_custom.c **** *  This function initializes Custom Service.
  64:Generated_Source\PSoC4/BLE_custom.c **** * 
  65:Generated_Source\PSoC4/BLE_custom.c **** * \return
  66:Generated_Source\PSoC4/BLE_custom.c **** *  None
  67:Generated_Source\PSoC4/BLE_custom.c **** * 
  68:Generated_Source\PSoC4/BLE_custom.c **** ******************************************************************************/
  69:Generated_Source\PSoC4/BLE_custom.c **** void CyBle_CustomInit(void)
  70:Generated_Source\PSoC4/BLE_custom.c **** {
  38              		.loc 1 70 0
  39              		.cfi_startproc
  40              		@ args = 0, pretend = 0, frame = 0
  41              		@ frame_needed = 1, uses_anonymous_args = 0
  42 0000 80B5     		push	{r7, lr}
  43              		.cfi_def_cfa_offset 8
  44              		.cfi_offset 7, -8
ARM GAS  C:\Users\Jason\AppData\Local\Temp\ccvepOlh.s 			page 3


  45              		.cfi_offset 14, -4
  46 0002 00AF     		add	r7, sp, #0
  47              		.cfi_def_cfa_register 7
  71:Generated_Source\PSoC4/BLE_custom.c ****     
  72:Generated_Source\PSoC4/BLE_custom.c **** #ifdef CYBLE_CUSTOM_CLIENT
  73:Generated_Source\PSoC4/BLE_custom.c **** 
  74:Generated_Source\PSoC4/BLE_custom.c ****     uint16 locServIndex;
  75:Generated_Source\PSoC4/BLE_custom.c ****     uint16 locCharIndex;
  76:Generated_Source\PSoC4/BLE_custom.c ****     uint16 locDescIndex;
  77:Generated_Source\PSoC4/BLE_custom.c ****     
  78:Generated_Source\PSoC4/BLE_custom.c ****     for(locServIndex = 0u; locServIndex < CYBLE_CUSTOMC_SERVICE_COUNT; locServIndex++)
  79:Generated_Source\PSoC4/BLE_custom.c ****     {
  80:Generated_Source\PSoC4/BLE_custom.c ****         if(cyBle_serverInfo[CYBLE_SRVI_CUSTOMS + locServIndex].range.startHandle == CYBLE_GATT_INVA
  81:Generated_Source\PSoC4/BLE_custom.c ****         {
  82:Generated_Source\PSoC4/BLE_custom.c ****             for(locCharIndex = 0u; locCharIndex < cyBle_customCServ[locServIndex].charCount; locCha
  83:Generated_Source\PSoC4/BLE_custom.c ****             {
  84:Generated_Source\PSoC4/BLE_custom.c ****                 cyBle_customCServ[locServIndex].customServChar[locCharIndex].
  85:Generated_Source\PSoC4/BLE_custom.c ****                     customServCharHandle = 0u;
  86:Generated_Source\PSoC4/BLE_custom.c ****                 
  87:Generated_Source\PSoC4/BLE_custom.c ****                 for(locDescIndex = 0u; locDescIndex < 
  88:Generated_Source\PSoC4/BLE_custom.c ****                     cyBle_customCServ[locServIndex].customServChar[locCharIndex].descCount; 
  89:Generated_Source\PSoC4/BLE_custom.c ****                         locDescIndex++)
  90:Generated_Source\PSoC4/BLE_custom.c ****                 {
  91:Generated_Source\PSoC4/BLE_custom.c ****                     cyBle_customCServ[locServIndex].customServChar[locCharIndex].
  92:Generated_Source\PSoC4/BLE_custom.c ****                         customServCharDesc[locDescIndex].descHandle = 0u;
  93:Generated_Source\PSoC4/BLE_custom.c ****                 }
  94:Generated_Source\PSoC4/BLE_custom.c ****             }
  95:Generated_Source\PSoC4/BLE_custom.c ****         }
  96:Generated_Source\PSoC4/BLE_custom.c ****     }
  97:Generated_Source\PSoC4/BLE_custom.c **** 
  98:Generated_Source\PSoC4/BLE_custom.c **** #endif /* (CYBLE_CUSTOM_CLIENT) */
  99:Generated_Source\PSoC4/BLE_custom.c **** }
  48              		.loc 1 99 0
  49 0004 C046     		nop
  50 0006 BD46     		mov	sp, r7
  51              		@ sp needed
  52 0008 80BD     		pop	{r7, pc}
  53              		.cfi_endproc
  54              	.LFE2:
  55              		.size	CyBle_CustomInit, .-CyBle_CustomInit
  56 000a C046     		.text
  57              	.Letext0:
  58              		.file 2 "Generated_Source\\PSoC4\\cytypes.h"
  59              		.file 3 "Generated_Source\\PSoC4\\BLE_StackGatt.h"
  60              		.file 4 "Generated_Source\\PSoC4\\BLE_custom.h"
  61              		.file 5 "Generated_Source\\PSoC4\\BLE_Stack.h"
  62              		.section	.debug_info,"",%progbits
  63              	.Ldebug_info0:
  64 0000 15030000 		.4byte	0x315
  65 0004 0400     		.2byte	0x4
  66 0006 00000000 		.4byte	.Ldebug_abbrev0
  67 000a 04       		.byte	0x4
  68 000b 01       		.uleb128 0x1
  69 000c 19040000 		.4byte	.LASF94
  70 0010 0C       		.byte	0xc
  71 0011 C6020000 		.4byte	.LASF95
  72 0015 ED090000 		.4byte	.LASF96
ARM GAS  C:\Users\Jason\AppData\Local\Temp\ccvepOlh.s 			page 4


  73 0019 00000000 		.4byte	.Ldebug_ranges0+0
  74 001d 00000000 		.4byte	0
  75 0021 00000000 		.4byte	.Ldebug_line0
  76 0025 02       		.uleb128 0x2
  77 0026 01       		.byte	0x1
  78 0027 06       		.byte	0x6
  79 0028 A4050000 		.4byte	.LASF0
  80 002c 02       		.uleb128 0x2
  81 002d 01       		.byte	0x1
  82 002e 08       		.byte	0x8
  83 002f 2B050000 		.4byte	.LASF1
  84 0033 02       		.uleb128 0x2
  85 0034 02       		.byte	0x2
  86 0035 05       		.byte	0x5
  87 0036 B7000000 		.4byte	.LASF2
  88 003a 02       		.uleb128 0x2
  89 003b 02       		.byte	0x2
  90 003c 07       		.byte	0x7
  91 003d 84070000 		.4byte	.LASF3
  92 0041 02       		.uleb128 0x2
  93 0042 04       		.byte	0x4
  94 0043 05       		.byte	0x5
  95 0044 45030000 		.4byte	.LASF4
  96 0048 02       		.uleb128 0x2
  97 0049 04       		.byte	0x4
  98 004a 07       		.byte	0x7
  99 004b 35060000 		.4byte	.LASF5
 100 004f 02       		.uleb128 0x2
 101 0050 08       		.byte	0x8
 102 0051 05       		.byte	0x5
 103 0052 23010000 		.4byte	.LASF6
 104 0056 02       		.uleb128 0x2
 105 0057 08       		.byte	0x8
 106 0058 07       		.byte	0x7
 107 0059 EA020000 		.4byte	.LASF7
 108 005d 03       		.uleb128 0x3
 109 005e 04       		.byte	0x4
 110 005f 05       		.byte	0x5
 111 0060 696E7400 		.ascii	"int\000"
 112 0064 02       		.uleb128 0x2
 113 0065 04       		.byte	0x4
 114 0066 07       		.byte	0x7
 115 0067 0D060000 		.4byte	.LASF8
 116 006b 04       		.uleb128 0x4
 117 006c CE010000 		.4byte	.LASF86
 118 0070 02       		.byte	0x2
 119 0071 E801     		.2byte	0x1e8
 120 0073 3A000000 		.4byte	0x3a
 121 0077 02       		.uleb128 0x2
 122 0078 04       		.byte	0x4
 123 0079 04       		.byte	0x4
 124 007a 7E020000 		.4byte	.LASF9
 125 007e 02       		.uleb128 0x2
 126 007f 08       		.byte	0x8
 127 0080 04       		.byte	0x4
 128 0081 55080000 		.4byte	.LASF10
 129 0085 02       		.uleb128 0x2
ARM GAS  C:\Users\Jason\AppData\Local\Temp\ccvepOlh.s 			page 5


 130 0086 01       		.byte	0x1
 131 0087 08       		.byte	0x8
 132 0088 63070000 		.4byte	.LASF11
 133 008c 02       		.uleb128 0x2
 134 008d 08       		.byte	0x8
 135 008e 04       		.byte	0x4
 136 008f F9040000 		.4byte	.LASF12
 137 0093 02       		.uleb128 0x2
 138 0094 04       		.byte	0x4
 139 0095 07       		.byte	0x7
 140 0096 F9000000 		.4byte	.LASF13
 141 009a 05       		.uleb128 0x5
 142 009b 01       		.byte	0x1
 143 009c 2C000000 		.4byte	0x2c
 144 00a0 05       		.byte	0x5
 145 00a1 3501     		.2byte	0x135
 146 00a3 58020000 		.4byte	0x258
 147 00a7 06       		.uleb128 0x6
 148 00a8 28020000 		.4byte	.LASF14
 149 00ac 00       		.byte	0
 150 00ad 06       		.uleb128 0x6
 151 00ae 68010000 		.4byte	.LASF15
 152 00b2 01       		.byte	0x1
 153 00b3 06       		.uleb128 0x6
 154 00b4 DB090000 		.4byte	.LASF16
 155 00b8 02       		.byte	0x2
 156 00b9 06       		.uleb128 0x6
 157 00ba B1080000 		.4byte	.LASF17
 158 00be 03       		.byte	0x3
 159 00bf 06       		.uleb128 0x6
 160 00c0 42010000 		.4byte	.LASF18
 161 00c4 04       		.byte	0x4
 162 00c5 06       		.uleb128 0x6
 163 00c6 D7030000 		.4byte	.LASF19
 164 00ca 05       		.byte	0x5
 165 00cb 06       		.uleb128 0x6
 166 00cc 3E000000 		.4byte	.LASF20
 167 00d0 06       		.byte	0x6
 168 00d1 06       		.uleb128 0x6
 169 00d2 0F090000 		.4byte	.LASF21
 170 00d6 20       		.byte	0x20
 171 00d7 06       		.uleb128 0x6
 172 00d8 47060000 		.4byte	.LASF22
 173 00dc 21       		.byte	0x21
 174 00dd 06       		.uleb128 0x6
 175 00de 00000000 		.4byte	.LASF23
 176 00e2 22       		.byte	0x22
 177 00e3 06       		.uleb128 0x6
 178 00e4 F3030000 		.4byte	.LASF24
 179 00e8 23       		.byte	0x23
 180 00e9 06       		.uleb128 0x6
 181 00ea F1050000 		.4byte	.LASF25
 182 00ee 24       		.byte	0x24
 183 00ef 06       		.uleb128 0x6
 184 00f0 C1000000 		.4byte	.LASF26
 185 00f4 25       		.byte	0x25
 186 00f5 06       		.uleb128 0x6
ARM GAS  C:\Users\Jason\AppData\Local\Temp\ccvepOlh.s 			page 6


 187 00f6 8E030000 		.4byte	.LASF27
 188 00fa 26       		.byte	0x26
 189 00fb 06       		.uleb128 0x6
 190 00fc 6F030000 		.4byte	.LASF28
 191 0100 27       		.byte	0x27
 192 0101 06       		.uleb128 0x6
 193 0102 71000000 		.4byte	.LASF29
 194 0106 28       		.byte	0x28
 195 0107 06       		.uleb128 0x6
 196 0108 7F060000 		.4byte	.LASF30
 197 010c 29       		.byte	0x29
 198 010d 06       		.uleb128 0x6
 199 010e 13070000 		.4byte	.LASF31
 200 0112 2A       		.byte	0x2a
 201 0113 06       		.uleb128 0x6
 202 0114 F5070000 		.4byte	.LASF32
 203 0118 2B       		.byte	0x2b
 204 0119 06       		.uleb128 0x6
 205 011a D7060000 		.4byte	.LASF33
 206 011e 2C       		.byte	0x2c
 207 011f 06       		.uleb128 0x6
 208 0120 9D020000 		.4byte	.LASF34
 209 0124 2D       		.byte	0x2d
 210 0125 06       		.uleb128 0x6
 211 0126 93000000 		.4byte	.LASF35
 212 012a 2E       		.byte	0x2e
 213 012b 06       		.uleb128 0x6
 214 012c 210B0000 		.4byte	.LASF36
 215 0130 2F       		.byte	0x2f
 216 0131 06       		.uleb128 0x6
 217 0132 02010000 		.4byte	.LASF37
 218 0136 30       		.byte	0x30
 219 0137 06       		.uleb128 0x6
 220 0138 D5040000 		.4byte	.LASF38
 221 013c 31       		.byte	0x31
 222 013d 06       		.uleb128 0x6
 223 013e 97070000 		.4byte	.LASF39
 224 0142 32       		.byte	0x32
 225 0143 06       		.uleb128 0x6
 226 0144 3C070000 		.4byte	.LASF40
 227 0148 33       		.byte	0x33
 228 0149 06       		.uleb128 0x6
 229 014a 9C060000 		.4byte	.LASF41
 230 014e 34       		.byte	0x34
 231 014f 06       		.uleb128 0x6
 232 0150 94080000 		.4byte	.LASF42
 233 0154 35       		.byte	0x35
 234 0155 06       		.uleb128 0x6
 235 0156 16030000 		.4byte	.LASF43
 236 015a 36       		.byte	0x36
 237 015b 06       		.uleb128 0x6
 238 015c 7B010000 		.4byte	.LASF44
 239 0160 37       		.byte	0x37
 240 0161 06       		.uleb128 0x6
 241 0162 57000000 		.4byte	.LASF45
 242 0166 40       		.byte	0x40
 243 0167 06       		.uleb128 0x6
ARM GAS  C:\Users\Jason\AppData\Local\Temp\ccvepOlh.s 			page 7


 244 0168 1A060000 		.4byte	.LASF46
 245 016c 41       		.byte	0x41
 246 016d 06       		.uleb128 0x6
 247 016e DB000000 		.4byte	.LASF47
 248 0172 42       		.byte	0x42
 249 0173 06       		.uleb128 0x6
 250 0174 B0010000 		.4byte	.LASF48
 251 0178 43       		.byte	0x43
 252 0179 06       		.uleb128 0x6
 253 017a 99090000 		.4byte	.LASF49
 254 017e 44       		.byte	0x44
 255 017f 06       		.uleb128 0x6
 256 0180 33090000 		.4byte	.LASF50
 257 0184 45       		.byte	0x45
 258 0185 06       		.uleb128 0x6
 259 0186 78090000 		.4byte	.LASF51
 260 018a 46       		.byte	0x46
 261 018b 06       		.uleb128 0x6
 262 018c 86050000 		.4byte	.LASF52
 263 0190 47       		.byte	0x47
 264 0191 06       		.uleb128 0x6
 265 0192 CA050000 		.4byte	.LASF53
 266 0196 48       		.byte	0x48
 267 0197 06       		.uleb128 0x6
 268 0198 84020000 		.4byte	.LASF54
 269 019c 49       		.byte	0x49
 270 019d 06       		.uleb128 0x6
 271 019e B8070000 		.4byte	.LASF55
 272 01a2 4A       		.byte	0x4a
 273 01a3 06       		.uleb128 0x6
 274 01a4 E8010000 		.4byte	.LASF56
 275 01a8 4B       		.byte	0x4b
 276 01a9 06       		.uleb128 0x6
 277 01aa B0050000 		.4byte	.LASF57
 278 01ae 4C       		.byte	0x4c
 279 01af 06       		.uleb128 0x6
 280 01b0 24000000 		.4byte	.LASF58
 281 01b4 4D       		.byte	0x4d
 282 01b5 06       		.uleb128 0x6
 283 01b6 5A090000 		.4byte	.LASF59
 284 01ba 4E       		.byte	0x4e
 285 01bb 06       		.uleb128 0x6
 286 01bc 48050000 		.4byte	.LASF60
 287 01c0 4F       		.byte	0x4f
 288 01c1 06       		.uleb128 0x6
 289 01c2 A20A0000 		.4byte	.LASF61
 290 01c6 50       		.byte	0x50
 291 01c7 06       		.uleb128 0x6
 292 01c8 D6070000 		.4byte	.LASF62
 293 01cc 51       		.byte	0x51
 294 01cd 06       		.uleb128 0x6
 295 01ce B6030000 		.4byte	.LASF63
 296 01d2 52       		.byte	0x52
 297 01d3 06       		.uleb128 0x6
 298 01d4 4E030000 		.4byte	.LASF64
 299 01d8 53       		.byte	0x53
 300 01d9 06       		.uleb128 0x6
ARM GAS  C:\Users\Jason\AppData\Local\Temp\ccvepOlh.s 			page 8


 301 01da 07020000 		.4byte	.LASF65
 302 01de 54       		.byte	0x54
 303 01df 06       		.uleb128 0x6
 304 01e0 EB0A0000 		.4byte	.LASF66
 305 01e4 55       		.byte	0x55
 306 01e5 06       		.uleb128 0x6
 307 01e6 800A0000 		.4byte	.LASF67
 308 01ea 56       		.byte	0x56
 309 01eb 06       		.uleb128 0x6
 310 01ec 570A0000 		.4byte	.LASF68
 311 01f0 57       		.byte	0x57
 312 01f1 06       		.uleb128 0x6
 313 01f2 B4060000 		.4byte	.LASF69
 314 01f6 58       		.byte	0x58
 315 01f7 06       		.uleb128 0x6
 316 01f8 05050000 		.4byte	.LASF70
 317 01fc 70       		.byte	0x70
 318 01fd 06       		.uleb128 0x6
 319 01fe E9080000 		.4byte	.LASF71
 320 0202 71       		.byte	0x71
 321 0203 06       		.uleb128 0x6
 322 0204 68070000 		.4byte	.LASF72
 323 0208 72       		.byte	0x72
 324 0209 06       		.uleb128 0x6
 325 020a 3F020000 		.4byte	.LASF73
 326 020e 73       		.byte	0x73
 327 020f 06       		.uleb128 0x6
 328 0210 B7040000 		.4byte	.LASF74
 329 0214 74       		.byte	0x74
 330 0215 06       		.uleb128 0x6
 331 0216 5E060000 		.4byte	.LASF75
 332 021a 75       		.byte	0x75
 333 021b 06       		.uleb128 0x6
 334 021c 5D020000 		.4byte	.LASF76
 335 0220 76       		.byte	0x76
 336 0221 06       		.uleb128 0x6
 337 0222 CA080000 		.4byte	.LASF77
 338 0226 77       		.byte	0x77
 339 0227 06       		.uleb128 0x6
 340 0228 32080000 		.4byte	.LASF78
 341 022c 78       		.byte	0x78
 342 022d 06       		.uleb128 0x6
 343 022e 5C080000 		.4byte	.LASF79
 344 0232 79       		.byte	0x79
 345 0233 06       		.uleb128 0x6
 346 0234 B7090000 		.4byte	.LASF80
 347 0238 7A       		.byte	0x7a
 348 0239 06       		.uleb128 0x6
 349 023a 14080000 		.4byte	.LASF81
 350 023e FA       		.byte	0xfa
 351 023f 06       		.uleb128 0x6
 352 0240 67050000 		.4byte	.LASF82
 353 0244 FB       		.byte	0xfb
 354 0245 06       		.uleb128 0x6
 355 0246 0F0B0000 		.4byte	.LASF83
 356 024a FC       		.byte	0xfc
 357 024b 06       		.uleb128 0x6
ARM GAS  C:\Users\Jason\AppData\Local\Temp\ccvepOlh.s 			page 9


 358 024c FB060000 		.4byte	.LASF84
 359 0250 FD       		.byte	0xfd
 360 0251 06       		.uleb128 0x6
 361 0252 37030000 		.4byte	.LASF85
 362 0256 FF       		.byte	0xff
 363 0257 00       		.byte	0
 364 0258 04       		.uleb128 0x4
 365 0259 C10A0000 		.4byte	.LASF87
 366 025d 03       		.byte	0x3
 367 025e 8901     		.2byte	0x189
 368 0260 6B000000 		.4byte	0x6b
 369 0264 07       		.uleb128 0x7
 370 0265 06       		.byte	0x6
 371 0266 04       		.byte	0x4
 372 0267 43       		.byte	0x43
 373 0268 85020000 		.4byte	0x285
 374 026c 08       		.uleb128 0x8
 375 026d 7F080000 		.4byte	.LASF88
 376 0271 04       		.byte	0x4
 377 0272 46       		.byte	0x46
 378 0273 58020000 		.4byte	0x258
 379 0277 00       		.byte	0
 380 0278 08       		.uleb128 0x8
 381 0279 D5010000 		.4byte	.LASF89
 382 027d 04       		.byte	0x4
 383 027e 48       		.byte	0x48
 384 027f 85020000 		.4byte	0x285
 385 0283 02       		.byte	0x2
 386 0284 00       		.byte	0
 387 0285 09       		.uleb128 0x9
 388 0286 58020000 		.4byte	0x258
 389 028a 95020000 		.4byte	0x295
 390 028e 0A       		.uleb128 0xa
 391 028f 93000000 		.4byte	0x93
 392 0293 01       		.byte	0x1
 393 0294 00       		.byte	0
 394 0295 0B       		.uleb128 0xb
 395 0296 01030000 		.4byte	.LASF90
 396 029a 04       		.byte	0x4
 397 029b 4A       		.byte	0x4a
 398 029c 64020000 		.4byte	0x264
 399 02a0 07       		.uleb128 0x7
 400 02a1 08       		.byte	0x8
 401 02a2 04       		.byte	0x4
 402 02a3 4D       		.byte	0x4d
 403 02a4 C1020000 		.4byte	0x2c1
 404 02a8 08       		.uleb128 0x8
 405 02a9 31010000 		.4byte	.LASF91
 406 02ad 04       		.byte	0x4
 407 02ae 50       		.byte	0x50
 408 02af 58020000 		.4byte	0x258
 409 02b3 00       		.byte	0
 410 02b4 08       		.uleb128 0x8
 411 02b5 39050000 		.4byte	.LASF92
 412 02b9 04       		.byte	0x4
 413 02ba 53       		.byte	0x53
 414 02bb C1020000 		.4byte	0x2c1
ARM GAS  C:\Users\Jason\AppData\Local\Temp\ccvepOlh.s 			page 10


 415 02bf 02       		.byte	0x2
 416 02c0 00       		.byte	0
 417 02c1 09       		.uleb128 0x9
 418 02c2 95020000 		.4byte	0x295
 419 02c6 D1020000 		.4byte	0x2d1
 420 02ca 0A       		.uleb128 0xa
 421 02cb 93000000 		.4byte	0x93
 422 02cf 00       		.byte	0
 423 02d0 00       		.byte	0
 424 02d1 0B       		.uleb128 0xb
 425 02d2 A7040000 		.4byte	.LASF93
 426 02d6 04       		.byte	0x4
 427 02d7 55       		.byte	0x55
 428 02d8 A0020000 		.4byte	0x2a0
 429 02dc 0C       		.uleb128 0xc
 430 02dd 57010000 		.4byte	.LASF97
 431 02e1 01       		.byte	0x1
 432 02e2 45       		.byte	0x45
 433 02e3 00000000 		.4byte	.LFB2
 434 02e7 0A000000 		.4byte	.LFE2-.LFB2
 435 02eb 01       		.uleb128 0x1
 436 02ec 9C       		.byte	0x9c
 437 02ed 09       		.uleb128 0x9
 438 02ee FD020000 		.4byte	0x2fd
 439 02f2 FD020000 		.4byte	0x2fd
 440 02f6 0A       		.uleb128 0xa
 441 02f7 93000000 		.4byte	0x93
 442 02fb 00       		.byte	0
 443 02fc 00       		.byte	0
 444 02fd 0D       		.uleb128 0xd
 445 02fe D1020000 		.4byte	0x2d1
 446 0302 0E       		.uleb128 0xe
 447 0303 DD0A0000 		.4byte	.LASF98
 448 0307 01       		.byte	0x1
 449 0308 1A       		.byte	0x1a
 450 0309 13030000 		.4byte	0x313
 451 030d 05       		.uleb128 0x5
 452 030e 03       		.byte	0x3
 453 030f 00000000 		.4byte	cyBle_customs
 454 0313 0D       		.uleb128 0xd
 455 0314 ED020000 		.4byte	0x2ed
 456 0318 00       		.byte	0
 457              		.section	.debug_abbrev,"",%progbits
 458              	.Ldebug_abbrev0:
 459 0000 01       		.uleb128 0x1
 460 0001 11       		.uleb128 0x11
 461 0002 01       		.byte	0x1
 462 0003 25       		.uleb128 0x25
 463 0004 0E       		.uleb128 0xe
 464 0005 13       		.uleb128 0x13
 465 0006 0B       		.uleb128 0xb
 466 0007 03       		.uleb128 0x3
 467 0008 0E       		.uleb128 0xe
 468 0009 1B       		.uleb128 0x1b
 469 000a 0E       		.uleb128 0xe
 470 000b 55       		.uleb128 0x55
 471 000c 17       		.uleb128 0x17
ARM GAS  C:\Users\Jason\AppData\Local\Temp\ccvepOlh.s 			page 11


 472 000d 11       		.uleb128 0x11
 473 000e 01       		.uleb128 0x1
 474 000f 10       		.uleb128 0x10
 475 0010 17       		.uleb128 0x17
 476 0011 00       		.byte	0
 477 0012 00       		.byte	0
 478 0013 02       		.uleb128 0x2
 479 0014 24       		.uleb128 0x24
 480 0015 00       		.byte	0
 481 0016 0B       		.uleb128 0xb
 482 0017 0B       		.uleb128 0xb
 483 0018 3E       		.uleb128 0x3e
 484 0019 0B       		.uleb128 0xb
 485 001a 03       		.uleb128 0x3
 486 001b 0E       		.uleb128 0xe
 487 001c 00       		.byte	0
 488 001d 00       		.byte	0
 489 001e 03       		.uleb128 0x3
 490 001f 24       		.uleb128 0x24
 491 0020 00       		.byte	0
 492 0021 0B       		.uleb128 0xb
 493 0022 0B       		.uleb128 0xb
 494 0023 3E       		.uleb128 0x3e
 495 0024 0B       		.uleb128 0xb
 496 0025 03       		.uleb128 0x3
 497 0026 08       		.uleb128 0x8
 498 0027 00       		.byte	0
 499 0028 00       		.byte	0
 500 0029 04       		.uleb128 0x4
 501 002a 16       		.uleb128 0x16
 502 002b 00       		.byte	0
 503 002c 03       		.uleb128 0x3
 504 002d 0E       		.uleb128 0xe
 505 002e 3A       		.uleb128 0x3a
 506 002f 0B       		.uleb128 0xb
 507 0030 3B       		.uleb128 0x3b
 508 0031 05       		.uleb128 0x5
 509 0032 49       		.uleb128 0x49
 510 0033 13       		.uleb128 0x13
 511 0034 00       		.byte	0
 512 0035 00       		.byte	0
 513 0036 05       		.uleb128 0x5
 514 0037 04       		.uleb128 0x4
 515 0038 01       		.byte	0x1
 516 0039 0B       		.uleb128 0xb
 517 003a 0B       		.uleb128 0xb
 518 003b 49       		.uleb128 0x49
 519 003c 13       		.uleb128 0x13
 520 003d 3A       		.uleb128 0x3a
 521 003e 0B       		.uleb128 0xb
 522 003f 3B       		.uleb128 0x3b
 523 0040 05       		.uleb128 0x5
 524 0041 01       		.uleb128 0x1
 525 0042 13       		.uleb128 0x13
 526 0043 00       		.byte	0
 527 0044 00       		.byte	0
 528 0045 06       		.uleb128 0x6
ARM GAS  C:\Users\Jason\AppData\Local\Temp\ccvepOlh.s 			page 12


 529 0046 28       		.uleb128 0x28
 530 0047 00       		.byte	0
 531 0048 03       		.uleb128 0x3
 532 0049 0E       		.uleb128 0xe
 533 004a 1C       		.uleb128 0x1c
 534 004b 0B       		.uleb128 0xb
 535 004c 00       		.byte	0
 536 004d 00       		.byte	0
 537 004e 07       		.uleb128 0x7
 538 004f 13       		.uleb128 0x13
 539 0050 01       		.byte	0x1
 540 0051 0B       		.uleb128 0xb
 541 0052 0B       		.uleb128 0xb
 542 0053 3A       		.uleb128 0x3a
 543 0054 0B       		.uleb128 0xb
 544 0055 3B       		.uleb128 0x3b
 545 0056 0B       		.uleb128 0xb
 546 0057 01       		.uleb128 0x1
 547 0058 13       		.uleb128 0x13
 548 0059 00       		.byte	0
 549 005a 00       		.byte	0
 550 005b 08       		.uleb128 0x8
 551 005c 0D       		.uleb128 0xd
 552 005d 00       		.byte	0
 553 005e 03       		.uleb128 0x3
 554 005f 0E       		.uleb128 0xe
 555 0060 3A       		.uleb128 0x3a
 556 0061 0B       		.uleb128 0xb
 557 0062 3B       		.uleb128 0x3b
 558 0063 0B       		.uleb128 0xb
 559 0064 49       		.uleb128 0x49
 560 0065 13       		.uleb128 0x13
 561 0066 38       		.uleb128 0x38
 562 0067 0B       		.uleb128 0xb
 563 0068 00       		.byte	0
 564 0069 00       		.byte	0
 565 006a 09       		.uleb128 0x9
 566 006b 01       		.uleb128 0x1
 567 006c 01       		.byte	0x1
 568 006d 49       		.uleb128 0x49
 569 006e 13       		.uleb128 0x13
 570 006f 01       		.uleb128 0x1
 571 0070 13       		.uleb128 0x13
 572 0071 00       		.byte	0
 573 0072 00       		.byte	0
 574 0073 0A       		.uleb128 0xa
 575 0074 21       		.uleb128 0x21
 576 0075 00       		.byte	0
 577 0076 49       		.uleb128 0x49
 578 0077 13       		.uleb128 0x13
 579 0078 2F       		.uleb128 0x2f
 580 0079 0B       		.uleb128 0xb
 581 007a 00       		.byte	0
 582 007b 00       		.byte	0
 583 007c 0B       		.uleb128 0xb
 584 007d 16       		.uleb128 0x16
 585 007e 00       		.byte	0
ARM GAS  C:\Users\Jason\AppData\Local\Temp\ccvepOlh.s 			page 13


 586 007f 03       		.uleb128 0x3
 587 0080 0E       		.uleb128 0xe
 588 0081 3A       		.uleb128 0x3a
 589 0082 0B       		.uleb128 0xb
 590 0083 3B       		.uleb128 0x3b
 591 0084 0B       		.uleb128 0xb
 592 0085 49       		.uleb128 0x49
 593 0086 13       		.uleb128 0x13
 594 0087 00       		.byte	0
 595 0088 00       		.byte	0
 596 0089 0C       		.uleb128 0xc
 597 008a 2E       		.uleb128 0x2e
 598 008b 00       		.byte	0
 599 008c 3F       		.uleb128 0x3f
 600 008d 19       		.uleb128 0x19
 601 008e 03       		.uleb128 0x3
 602 008f 0E       		.uleb128 0xe
 603 0090 3A       		.uleb128 0x3a
 604 0091 0B       		.uleb128 0xb
 605 0092 3B       		.uleb128 0x3b
 606 0093 0B       		.uleb128 0xb
 607 0094 27       		.uleb128 0x27
 608 0095 19       		.uleb128 0x19
 609 0096 11       		.uleb128 0x11
 610 0097 01       		.uleb128 0x1
 611 0098 12       		.uleb128 0x12
 612 0099 06       		.uleb128 0x6
 613 009a 40       		.uleb128 0x40
 614 009b 18       		.uleb128 0x18
 615 009c 9742     		.uleb128 0x2117
 616 009e 19       		.uleb128 0x19
 617 009f 00       		.byte	0
 618 00a0 00       		.byte	0
 619 00a1 0D       		.uleb128 0xd
 620 00a2 26       		.uleb128 0x26
 621 00a3 00       		.byte	0
 622 00a4 49       		.uleb128 0x49
 623 00a5 13       		.uleb128 0x13
 624 00a6 00       		.byte	0
 625 00a7 00       		.byte	0
 626 00a8 0E       		.uleb128 0xe
 627 00a9 34       		.uleb128 0x34
 628 00aa 00       		.byte	0
 629 00ab 03       		.uleb128 0x3
 630 00ac 0E       		.uleb128 0xe
 631 00ad 3A       		.uleb128 0x3a
 632 00ae 0B       		.uleb128 0xb
 633 00af 3B       		.uleb128 0x3b
 634 00b0 0B       		.uleb128 0xb
 635 00b1 49       		.uleb128 0x49
 636 00b2 13       		.uleb128 0x13
 637 00b3 3F       		.uleb128 0x3f
 638 00b4 19       		.uleb128 0x19
 639 00b5 02       		.uleb128 0x2
 640 00b6 18       		.uleb128 0x18
 641 00b7 00       		.byte	0
 642 00b8 00       		.byte	0
ARM GAS  C:\Users\Jason\AppData\Local\Temp\ccvepOlh.s 			page 14


 643 00b9 00       		.byte	0
 644              		.section	.debug_aranges,"",%progbits
 645 0000 1C000000 		.4byte	0x1c
 646 0004 0200     		.2byte	0x2
 647 0006 00000000 		.4byte	.Ldebug_info0
 648 000a 04       		.byte	0x4
 649 000b 00       		.byte	0
 650 000c 0000     		.2byte	0
 651 000e 0000     		.2byte	0
 652 0010 00000000 		.4byte	.LFB2
 653 0014 0A000000 		.4byte	.LFE2-.LFB2
 654 0018 00000000 		.4byte	0
 655 001c 00000000 		.4byte	0
 656              		.section	.debug_ranges,"",%progbits
 657              	.Ldebug_ranges0:
 658 0000 00000000 		.4byte	.LFB2
 659 0004 0A000000 		.4byte	.LFE2
 660 0008 00000000 		.4byte	0
 661 000c 00000000 		.4byte	0
 662              		.section	.debug_line,"",%progbits
 663              	.Ldebug_line0:
 664 0000 92000000 		.section	.debug_str,"MS",%progbits,1
 664      02007900 
 664      00000201 
 664      FB0E0D00 
 664      01010101 
 665              	.LASF23:
 666 0000 4359424C 		.ascii	"CYBLE_EVT_GAP_PASSKEY_ENTRY_REQUEST\000"
 666      455F4556 
 666      545F4741 
 666      505F5041 
 666      53534B45 
 667              	.LASF58:
 668 0024 4359424C 		.ascii	"CYBLE_EVT_GATTC_WRITE_RSP\000"
 668      455F4556 
 668      545F4741 
 668      5454435F 
 668      57524954 
 669              	.LASF20:
 670 003e 4359424C 		.ascii	"CYBLE_EVT_MEMORY_REQUEST\000"
 670      455F4556 
 670      545F4D45 
 670      4D4F5259 
 670      5F524551 
 671              	.LASF45:
 672 0057 4359424C 		.ascii	"CYBLE_EVT_GATTC_ERROR_RSP\000"
 672      455F4556 
 672      545F4741 
 672      5454435F 
 672      4552524F 
 673              	.LASF29:
 674 0071 4359424C 		.ascii	"CYBLE_EVT_GAP_DEVICE_DISCONNECTED\000"
 674      455F4556 
 674      545F4741 
 674      505F4445 
 674      56494345 
 675              	.LASF35:
ARM GAS  C:\Users\Jason\AppData\Local\Temp\ccvepOlh.s 			page 15


 676 0093 4359424C 		.ascii	"CYBLE_EVT_GAP_KEYPRESS_NOTIFICATION\000"
 676      455F4556 
 676      545F4741 
 676      505F4B45 
 676      59505245 
 677              	.LASF2:
 678 00b7 73686F72 		.ascii	"short int\000"
 678      7420696E 
 678      7400
 679              	.LASF26:
 680 00c1 4359424C 		.ascii	"CYBLE_EVT_GAP_AUTH_FAILED\000"
 680      455F4556 
 680      545F4741 
 680      505F4155 
 680      54485F46 
 681              	.LASF47:
 682 00db 4359424C 		.ascii	"CYBLE_EVT_GATT_DISCONNECT_IND\000"
 682      455F4556 
 682      545F4741 
 682      54545F44 
 682      4953434F 
 683              	.LASF13:
 684 00f9 73697A65 		.ascii	"sizetype\000"
 684      74797065 
 684      00
 685              	.LASF37:
 686 0102 4359424C 		.ascii	"CYBLE_EVT_GAP_DATA_LENGTH_CHANGE\000"
 686      455F4556 
 686      545F4741 
 686      505F4441 
 686      54415F4C 
 687              	.LASF6:
 688 0123 6C6F6E67 		.ascii	"long long int\000"
 688      206C6F6E 
 688      6720696E 
 688      7400
 689              	.LASF91:
 690 0131 63757374 		.ascii	"customServHandle\000"
 690      6F6D5365 
 690      72764861 
 690      6E646C65 
 690      00
 691              	.LASF18:
 692 0142 4359424C 		.ascii	"CYBLE_EVT_HCI_STATUS\000"
 692      455F4556 
 692      545F4843 
 692      495F5354 
 692      41545553 
 693              	.LASF97:
 694 0157 4379426C 		.ascii	"CyBle_CustomInit\000"
 694      655F4375 
 694      73746F6D 
 694      496E6974 
 694      00
 695              	.LASF15:
 696 0168 4359424C 		.ascii	"CYBLE_EVT_STACK_ON\000"
 696      455F4556 
ARM GAS  C:\Users\Jason\AppData\Local\Temp\ccvepOlh.s 			page 16


 696      545F5354 
 696      41434B5F 
 696      4F4E00
 697              	.LASF44:
 698 017b 4359424C 		.ascii	"CYBLE_EVT_GAP_SMP_LOC_P256_KEYS_GEN_AND_SET_COMPLET"
 698      455F4556 
 698      545F4741 
 698      505F534D 
 698      505F4C4F 
 699 01ae 4500     		.ascii	"E\000"
 700              	.LASF48:
 701 01b0 4359424C 		.ascii	"CYBLE_EVT_GATTS_XCNHG_MTU_REQ\000"
 701      455F4556 
 701      545F4741 
 701      5454535F 
 701      58434E48 
 702              	.LASF86:
 703 01ce 75696E74 		.ascii	"uint16\000"
 703      313600
 704              	.LASF89:
 705 01d5 63757374 		.ascii	"customServCharDesc\000"
 705      6F6D5365 
 705      72764368 
 705      61724465 
 705      736300
 706              	.LASF56:
 707 01e8 4359424C 		.ascii	"CYBLE_EVT_GATTC_READ_MULTI_RSP\000"
 707      455F4556 
 707      545F4741 
 707      5454435F 
 707      52454144 
 708              	.LASF65:
 709 0207 4359424C 		.ascii	"CYBLE_EVT_GATTS_HANDLE_VALUE_CNF\000"
 709      455F4556 
 709      545F4741 
 709      5454535F 
 709      48414E44 
 710              	.LASF14:
 711 0228 4359424C 		.ascii	"CYBLE_EVT_HOST_INVALID\000"
 711      455F4556 
 711      545F484F 
 711      53545F49 
 711      4E56414C 
 712              	.LASF73:
 713 023f 4359424C 		.ascii	"CYBLE_EVT_L2CAP_CBFC_CONN_IND\000"
 713      455F4556 
 713      545F4C32 
 713      4341505F 
 713      43424643 
 714              	.LASF76:
 715 025d 4359424C 		.ascii	"CYBLE_EVT_L2CAP_CBFC_DISCONN_CNF\000"
 715      455F4556 
 715      545F4C32 
 715      4341505F 
 715      43424643 
 716              	.LASF9:
 717 027e 666C6F61 		.ascii	"float\000"
ARM GAS  C:\Users\Jason\AppData\Local\Temp\ccvepOlh.s 			page 17


 717      7400
 718              	.LASF54:
 719 0284 4359424C 		.ascii	"CYBLE_EVT_GATTC_READ_RSP\000"
 719      455F4556 
 719      545F4741 
 719      5454435F 
 719      52454144 
 720              	.LASF34:
 721 029d 4359424C 		.ascii	"CYBLE_EVT_GAP_NUMERIC_COMPARISON_REQUEST\000"
 721      455F4556 
 721      545F4741 
 721      505F4E55 
 721      4D455249 
 722              	.LASF95:
 723 02c6 47656E65 		.ascii	"Generated_Source\\PSoC4\\BLE_custom.c\000"
 723      72617465 
 723      645F536F 
 723      75726365 
 723      5C50536F 
 724              	.LASF7:
 725 02ea 6C6F6E67 		.ascii	"long long unsigned int\000"
 725      206C6F6E 
 725      6720756E 
 725      7369676E 
 725      65642069 
 726              	.LASF90:
 727 0301 4359424C 		.ascii	"CYBLE_CUSTOMS_INFO_T\000"
 727      455F4355 
 727      53544F4D 
 727      535F494E 
 727      464F5F54 
 728              	.LASF43:
 729 0316 4359424C 		.ascii	"CYBLE_EVT_GAP_AUTH_REQ_REPLY_ERR\000"
 729      455F4556 
 729      545F4741 
 729      505F4155 
 729      54485F52 
 730              	.LASF85:
 731 0337 4359424C 		.ascii	"CYBLE_EVT_MAX\000"
 731      455F4556 
 731      545F4D41 
 731      5800
 732              	.LASF4:
 733 0345 6C6F6E67 		.ascii	"long int\000"
 733      20696E74 
 733      00
 734              	.LASF64:
 735 034e 4359424C 		.ascii	"CYBLE_EVT_GATTC_HANDLE_VALUE_IND\000"
 735      455F4556 
 735      545F4741 
 735      5454435F 
 735      48414E44 
 736              	.LASF28:
 737 036f 4359424C 		.ascii	"CYBLE_EVT_GAP_DEVICE_CONNECTED\000"
 737      455F4556 
 737      545F4741 
 737      505F4445 
ARM GAS  C:\Users\Jason\AppData\Local\Temp\ccvepOlh.s 			page 18


 737      56494345 
 738              	.LASF27:
 739 038e 4359424C 		.ascii	"CYBLE_EVT_GAPP_ADVERTISEMENT_START_STOP\000"
 739      455F4556 
 739      545F4741 
 739      50505F41 
 739      44564552 
 740              	.LASF63:
 741 03b6 4359424C 		.ascii	"CYBLE_EVT_GATTC_HANDLE_VALUE_NTF\000"
 741      455F4556 
 741      545F4741 
 741      5454435F 
 741      48414E44 
 742              	.LASF19:
 743 03d7 4359424C 		.ascii	"CYBLE_EVT_STACK_BUSY_STATUS\000"
 743      455F4556 
 743      545F5354 
 743      41434B5F 
 743      42555359 
 744              	.LASF24:
 745 03f3 4359424C 		.ascii	"CYBLE_EVT_GAP_PASSKEY_DISPLAY_REQUEST\000"
 745      455F4556 
 745      545F4741 
 745      505F5041 
 745      53534B45 
 746              	.LASF94:
 747 0419 474E5520 		.ascii	"GNU C11 5.4.1 20160609 (release) [ARM/embedded-5-br"
 747      43313120 
 747      352E342E 
 747      31203230 
 747      31363036 
 748 044c 616E6368 		.ascii	"anch revision 237715] -mcpu=cortex-m0 -mthumb -g -O"
 748      20726576 
 748      6973696F 
 748      6E203233 
 748      37373135 
 749 047f 30202D66 		.ascii	"0 -ffunction-sections -ffat-lto-objects\000"
 749      66756E63 
 749      74696F6E 
 749      2D736563 
 749      74696F6E 
 750              	.LASF93:
 751 04a7 4359424C 		.ascii	"CYBLE_CUSTOMS_T\000"
 751      455F4355 
 751      53544F4D 
 751      535F5400 
 752              	.LASF74:
 753 04b7 4359424C 		.ascii	"CYBLE_EVT_L2CAP_CBFC_CONN_CNF\000"
 753      455F4556 
 753      545F4C32 
 753      4341505F 
 753      43424643 
 754              	.LASF38:
 755 04d5 4359424C 		.ascii	"CYBLE_EVT_GAP_ENHANCE_CONN_COMPLETE\000"
 755      455F4556 
 755      545F4741 
 755      505F454E 
ARM GAS  C:\Users\Jason\AppData\Local\Temp\ccvepOlh.s 			page 19


 755      48414E43 
 756              	.LASF12:
 757 04f9 6C6F6E67 		.ascii	"long double\000"
 757      20646F75 
 757      626C6500 
 758              	.LASF70:
 759 0505 4359424C 		.ascii	"CYBLE_EVT_L2CAP_CONN_PARAM_UPDATE_REQ\000"
 759      455F4556 
 759      545F4C32 
 759      4341505F 
 759      434F4E4E 
 760              	.LASF1:
 761 052b 756E7369 		.ascii	"unsigned char\000"
 761      676E6564 
 761      20636861 
 761      7200
 762              	.LASF92:
 763 0539 63757374 		.ascii	"customServInfo\000"
 763      6F6D5365 
 763      7276496E 
 763      666F00
 764              	.LASF60:
 765 0548 4359424C 		.ascii	"CYBLE_EVT_GATTS_PREP_WRITE_REQ\000"
 765      455F4556 
 765      545F4741 
 765      5454535F 
 765      50524550 
 766              	.LASF82:
 767 0567 4359424C 		.ascii	"CYBLE_EVT_LE_PING_AUTH_TIMEOUT\000"
 767      455F4556 
 767      545F4C45 
 767      5F50494E 
 767      475F4155 
 768              	.LASF52:
 769 0586 4359424C 		.ascii	"CYBLE_EVT_GATTC_FIND_INFO_RSP\000"
 769      455F4556 
 769      545F4741 
 769      5454435F 
 769      46494E44 
 770              	.LASF0:
 771 05a4 7369676E 		.ascii	"signed char\000"
 771      65642063 
 771      68617200 
 772              	.LASF57:
 773 05b0 4359424C 		.ascii	"CYBLE_EVT_GATTS_WRITE_REQ\000"
 773      455F4556 
 773      545F4741 
 773      5454535F 
 773      57524954 
 774              	.LASF53:
 775 05ca 4359424C 		.ascii	"CYBLE_EVT_GATTC_FIND_BY_TYPE_VALUE_RSP\000"
 775      455F4556 
 775      545F4741 
 775      5454435F 
 775      46494E44 
 776              	.LASF25:
 777 05f1 4359424C 		.ascii	"CYBLE_EVT_GAP_AUTH_COMPLETE\000"
ARM GAS  C:\Users\Jason\AppData\Local\Temp\ccvepOlh.s 			page 20


 777      455F4556 
 777      545F4741 
 777      505F4155 
 777      54485F43 
 778              	.LASF8:
 779 060d 756E7369 		.ascii	"unsigned int\000"
 779      676E6564 
 779      20696E74 
 779      00
 780              	.LASF46:
 781 061a 4359424C 		.ascii	"CYBLE_EVT_GATT_CONNECT_IND\000"
 781      455F4556 
 781      545F4741 
 781      54545F43 
 781      4F4E4E45 
 782              	.LASF5:
 783 0635 6C6F6E67 		.ascii	"long unsigned int\000"
 783      20756E73 
 783      69676E65 
 783      6420696E 
 783      7400
 784              	.LASF22:
 785 0647 4359424C 		.ascii	"CYBLE_EVT_GAP_AUTH_REQ\000"
 785      455F4556 
 785      545F4741 
 785      505F4155 
 785      54485F52 
 786              	.LASF75:
 787 065e 4359424C 		.ascii	"CYBLE_EVT_L2CAP_CBFC_DISCONN_IND\000"
 787      455F4556 
 787      545F4C32 
 787      4341505F 
 787      43424643 
 788              	.LASF30:
 789 067f 4359424C 		.ascii	"CYBLE_EVT_GAP_ENCRYPT_CHANGE\000"
 789      455F4556 
 789      545F4741 
 789      505F454E 
 789      43525950 
 790              	.LASF41:
 791 069c 4359424C 		.ascii	"CYBLE_EVT_GAP_CONN_ESTB\000"
 791      455F4556 
 791      545F4741 
 791      505F434F 
 791      4E4E5F45 
 792              	.LASF69:
 793 06b4 4359424C 		.ascii	"CYBLE_EVT_GATTC_LONG_PROCEDURE_END\000"
 793      455F4556 
 793      545F4741 
 793      5454435F 
 793      4C4F4E47 
 794              	.LASF33:
 795 06d7 4359424C 		.ascii	"CYBLE_EVT_GAP_KEYINFO_EXCHNGE_CMPLT\000"
 795      455F4556 
 795      545F4741 
 795      505F4B45 
 795      59494E46 
ARM GAS  C:\Users\Jason\AppData\Local\Temp\ccvepOlh.s 			page 21


 796              	.LASF84:
 797 06fb 4359424C 		.ascii	"CYBLE_EVT_FLASH_CORRUPT\000"
 797      455F4556 
 797      545F464C 
 797      4153485F 
 797      434F5252 
 798              	.LASF31:
 799 0713 4359424C 		.ascii	"CYBLE_EVT_GAP_CONNECTION_UPDATE_COMPLETE\000"
 799      455F4556 
 799      545F4741 
 799      505F434F 
 799      4E4E4543 
 800              	.LASF40:
 801 073c 4359424C 		.ascii	"CYBLE_EVT_GAP_SMP_NEGOTIATED_AUTH_INFO\000"
 801      455F4556 
 801      545F4741 
 801      505F534D 
 801      505F4E45 
 802              	.LASF11:
 803 0763 63686172 		.ascii	"char\000"
 803      00
 804              	.LASF72:
 805 0768 4359424C 		.ascii	"CYBLE_EVT_L2CAP_COMMAND_REJ\000"
 805      455F4556 
 805      545F4C32 
 805      4341505F 
 805      434F4D4D 
 806              	.LASF3:
 807 0784 73686F72 		.ascii	"short unsigned int\000"
 807      7420756E 
 807      7369676E 
 807      65642069 
 807      6E7400
 808              	.LASF39:
 809 0797 4359424C 		.ascii	"CYBLE_EVT_GAPC_DIRECT_ADV_REPORT\000"
 809      455F4556 
 809      545F4741 
 809      50435F44 
 809      49524543 
 810              	.LASF55:
 811 07b8 4359424C 		.ascii	"CYBLE_EVT_GATTC_READ_BLOB_RSP\000"
 811      455F4556 
 811      545F4741 
 811      5454435F 
 811      52454144 
 812              	.LASF62:
 813 07d6 4359424C 		.ascii	"CYBLE_EVT_GATTC_EXEC_WRITE_RSP\000"
 813      455F4556 
 813      545F4741 
 813      5454435F 
 813      45584543 
 814              	.LASF32:
 815 07f5 4359424C 		.ascii	"CYBLE_EVT_GAPC_SCAN_START_STOP\000"
 815      455F4556 
 815      545F4741 
 815      50435F53 
 815      43414E5F 
ARM GAS  C:\Users\Jason\AppData\Local\Temp\ccvepOlh.s 			page 22


 816              	.LASF81:
 817 0814 4359424C 		.ascii	"CYBLE_EVT_PENDING_FLASH_WRITE\000"
 817      455F4556 
 817      545F5045 
 817      4E44494E 
 817      475F464C 
 818              	.LASF78:
 819 0832 4359424C 		.ascii	"CYBLE_EVT_L2CAP_CBFC_RX_CREDIT_IND\000"
 819      455F4556 
 819      545F4C32 
 819      4341505F 
 819      43424643 
 820              	.LASF10:
 821 0855 646F7562 		.ascii	"double\000"
 821      6C6500
 822              	.LASF79:
 823 085c 4359424C 		.ascii	"CYBLE_EVT_L2CAP_CBFC_TX_CREDIT_IND\000"
 823      455F4556 
 823      545F4C32 
 823      4341505F 
 823      43424643 
 824              	.LASF88:
 825 087f 63757374 		.ascii	"customServCharHandle\000"
 825      6F6D5365 
 825      72764368 
 825      61724861 
 825      6E646C65 
 826              	.LASF42:
 827 0894 4359424C 		.ascii	"CYBLE_EVT_GAP_SCAN_REQ_RECVD\000"
 827      455F4556 
 827      545F4741 
 827      505F5343 
 827      414E5F52 
 828              	.LASF17:
 829 08b1 4359424C 		.ascii	"CYBLE_EVT_HARDWARE_ERROR\000"
 829      455F4556 
 829      545F4841 
 829      52445741 
 829      52455F45 
 830              	.LASF77:
 831 08ca 4359424C 		.ascii	"CYBLE_EVT_L2CAP_CBFC_DATA_READ\000"
 831      455F4556 
 831      545F4C32 
 831      4341505F 
 831      43424643 
 832              	.LASF71:
 833 08e9 4359424C 		.ascii	"CYBLE_EVT_L2CAP_CONN_PARAM_UPDATE_RSP\000"
 833      455F4556 
 833      545F4C32 
 833      4341505F 
 833      434F4E4E 
 834              	.LASF21:
 835 090f 4359424C 		.ascii	"CYBLE_EVT_GAPC_SCAN_PROGRESS_RESULT\000"
 835      455F4556 
 835      545F4741 
 835      50435F53 
 835      43414E5F 
ARM GAS  C:\Users\Jason\AppData\Local\Temp\ccvepOlh.s 			page 23


 836              	.LASF50:
 837 0933 4359424C 		.ascii	"CYBLE_EVT_GATTC_READ_BY_GROUP_TYPE_RSP\000"
 837      455F4556 
 837      545F4741 
 837      5454435F 
 837      52454144 
 838              	.LASF59:
 839 095a 4359424C 		.ascii	"CYBLE_EVT_GATTS_WRITE_CMD_REQ\000"
 839      455F4556 
 839      545F4741 
 839      5454535F 
 839      57524954 
 840              	.LASF51:
 841 0978 4359424C 		.ascii	"CYBLE_EVT_GATTC_READ_BY_TYPE_RSP\000"
 841      455F4556 
 841      545F4741 
 841      5454435F 
 841      52454144 
 842              	.LASF49:
 843 0999 4359424C 		.ascii	"CYBLE_EVT_GATTC_XCHNG_MTU_RSP\000"
 843      455F4556 
 843      545F4741 
 843      5454435F 
 843      5843484E 
 844              	.LASF80:
 845 09b7 4359424C 		.ascii	"CYBLE_EVT_L2CAP_CBFC_DATA_WRITE_IND\000"
 845      455F4556 
 845      545F4C32 
 845      4341505F 
 845      43424643 
 846              	.LASF16:
 847 09db 4359424C 		.ascii	"CYBLE_EVT_TIMEOUT\000"
 847      455F4556 
 847      545F5449 
 847      4D454F55 
 847      5400
 848              	.LASF96:
 849 09ed 443A5C55 		.ascii	"D:\\Users\\Jason\\Documents\\Jason's Work\\Labs\\EC"
 849      73657273 
 849      5C4A6173 
 849      6F6E5C44 
 849      6F63756D 
 850 0a1a 45473732 		.ascii	"EG721Project\\PSoCProject\\PSoC_4_BLE_CapSense_Prox"
 850      3150726F 
 850      6A656374 
 850      5C50536F 
 850      4350726F 
 851 0a4b 696D6974 		.ascii	"imity.cydsn\000"
 851      792E6379 
 851      64736E00 
 852              	.LASF68:
 853 0a57 4359424C 		.ascii	"CYBLE_EVT_GATTS_READ_CHAR_VAL_ACCESS_REQ\000"
 853      455F4556 
 853      545F4741 
 853      5454535F 
 853      52454144 
 854              	.LASF67:
ARM GAS  C:\Users\Jason\AppData\Local\Temp\ccvepOlh.s 			page 24


 855 0a80 4359424C 		.ascii	"CYBLE_EVT_GATTC_STOP_CMD_COMPLETE\000"
 855      455F4556 
 855      545F4741 
 855      5454435F 
 855      53544F50 
 856              	.LASF61:
 857 0aa2 4359424C 		.ascii	"CYBLE_EVT_GATTS_EXEC_WRITE_REQ\000"
 857      455F4556 
 857      545F4741 
 857      5454535F 
 857      45584543 
 858              	.LASF87:
 859 0ac1 4359424C 		.ascii	"CYBLE_GATT_DB_ATTR_HANDLE_T\000"
 859      455F4741 
 859      54545F44 
 859      425F4154 
 859      54525F48 
 860              	.LASF98:
 861 0add 6379426C 		.ascii	"cyBle_customs\000"
 861      655F6375 
 861      73746F6D 
 861      7300
 862              	.LASF66:
 863 0aeb 4359424C 		.ascii	"CYBLE_EVT_GATTS_DATA_SIGNED_CMD_REQ\000"
 863      455F4556 
 863      545F4741 
 863      5454535F 
 863      44415441 
 864              	.LASF83:
 865 0b0f 4359424C 		.ascii	"CYBLE_EVT_HCI_PKT\000"
 865      455F4556 
 865      545F4843 
 865      495F504B 
 865      5400
 866              	.LASF36:
 867 0b21 4359424C 		.ascii	"CYBLE_EVT_GAP_OOB_GENERATED_NOTIFICATION\000"
 867      455F4556 
 867      545F4741 
 867      505F4F4F 
 867      425F4745 
 868              		.ident	"GCC: (GNU Tools for ARM Embedded Processors) 5.4.1 20160609 (release) [ARM/embedded-5-bran
